"blank"			"=========================="
"blank"			"#Valve_Movement_Title"
"blank"			"=========================="
"+forward"				"#Valve_Move_Forward"
"+back"					"#Valve_Move_Back"
"+moveleft"				"#Valve_Move_Left"
"+moveright"			"#Valve_Move_Right"
"+walk"             	"#Valve_Walk"
"+jump"					"#Valve_Jump"
"+duck"					"#Valve_Duck"
"blank"			"=========================="
"blank"			"#Valve_Combat_Title"
"blank"			"=========================="
"+attack"				"#Valve_Primary_Attack"
"+attack2"				"#Valve_Secondary_Attack"
"+reload"				"#Valve_Reload_Weapon"
"+use"					"#Valve_Use_Items"
"impulse 100"			"#Valve_Flashlight"
"slot1"					"#Valve_Weapon_Category_1"
"slot2"					"#Valve_Weapon_Category_2"
"slot3" 				"#Valve_Weapon_Category_3"
"slot4"					"#Valve_Weapon_Category_4"
"slot5"					"#Valve_Weapon_Category_5"
"slot6"					"#Valve_Weapon_Category_6"
"invnext"				"#Valve_Next_Weapon"
"invprev"				"#Valve_Previous_Weapon"
"lastinv"				"#Valve_Last_Weapon_Used"
"blank"			"=========================="
"blank"			"#SDK_Keys_Title"
"blank"			"=========================="
"changeteam"			"#SDK_Select_Team"
"changeclass"			"#SDK_Select_Class"
"+saveme"	 			"#TFC_Call_For_Medic"
"voice_menu_1"			"#TFC_Voice_Menu_A"
"voice_menu_2"			"#TFC_Voice_Menu_B"
"voice_menu_3"			"#TFC_Voice_Menu_C"
"blank"			"=========================="
"blank"			"#Valve_Miscellaneous_Title"
"blank"			"=========================="
"jpeg"					"#Valve_Take_Screen_Shot"
"quit"					"#Valve_Quit_Game"
"toggleconsole"			"#Valve_Console_Toggle"
"blank"			"=========================="
"blank"			"#Valve_Miscellaneous_Keyboard_Keys_Title"
"blank"			"=========================="
"+left"					"#Valve_Turn_Left"
"+right"				"#Valve_Turn_Right"
"+moveup"				"#Valve_Swim_Up"
"+movedown"				"#Valve_Swim_Down"
"+lookup"				"#Valve_Look_Up"
"+lookdown"				"#Valve_Look_Down"
"+strafe"				"#Valve_Strafe_Modifier"
"+klook"				"#Valve_Keyboard_Look_Modifier"

